<?xml version="1.0" encoding="UTF-8"?>
<!-- Generated by org.testng.reporters.JUnitReportReporter -->
<testsuite hostname="DESKTOP-A2NAD51" failures="0" tests="1" name="runner.TestRunner" time="9.038" errors="0" timestamp="2022-08-02T14:06:33 EDT" skipped="0">
  <testcase classname="runner.TestRunner" name="runScenario" time="9.038"/>
  <system-out>
    <![CDATA[Browser : chrome
Url : https://www.target.com/]]>
  </system-out>
</testsuite> <!-- runner.TestRunner -->
